<?xml version="1.0" encoding="UTF-8" ?>
<testsuite failures="0" time="8.806" errors="0" skipped="0" tests="38" name="com.openshift.express.internal.client.test.OpenShiftTestSuite">
  <properties>
    <property name="java.runtime.name" value="OpenJDK Runtime Environment"/>
    <property name="sun.boot.library.path" value="/usr/lib/jvm/java-1.6.0-openjdk-1.6.0.0/jre/lib/i386"/>
    <property name="java.vm.version" value="20.0-b11"/>
    <property name="java.vm.vendor" value="Sun Microsystems Inc."/>
    <property name="java.vendor.url" value="http://java.sun.com/"/>
    <property name="path.separator" value=":"/>
    <property name="java.vm.name" value="OpenJDK Server VM"/>
    <property name="file.encoding.pkg" value="sun.io"/>
    <property name="user.country" value="US"/>
    <property name="sun.java.launcher" value="SUN_STANDARD"/>
    <property name="sun.os.patch.level" value="unknown"/>
    <property name="java.vm.specification.name" value="Java Virtual Machine Specification"/>
    <property name="user.dir" value="/home/bdecoste/workspaces/OpenShift/openshift-java-client"/>
    <property name="java.runtime.version" value="1.6.0_22-b22"/>
    <property name="java.awt.graphicsenv" value="sun.awt.X11GraphicsEnvironment"/>
    <property name="basedir" value="/home/bdecoste/workspaces/OpenShift/openshift-java-client"/>
    <property name="java.endorsed.dirs" value="/usr/lib/jvm/java-1.6.0-openjdk-1.6.0.0/jre/lib/endorsed"/>
    <property name="os.arch" value="i386"/>
    <property name="surefire.real.class.path" value="/tmp/surefirebooter6986432235000397389.jar"/>
    <property name="java.io.tmpdir" value="/tmp"/>
    <property name="line.separator" value="
"/>
    <property name="java.vm.specification.vendor" value="Sun Microsystems Inc."/>
    <property name="os.name" value="Linux"/>
    <property name="sun.jnu.encoding" value="UTF-8"/>
    <property name="java.library.path" value="/usr/lib/jvm/java-1.6.0-openjdk-1.6.0.0/jre/lib/i386/server:/usr/lib/jvm/java-1.6.0-openjdk-1.6.0.0/jre/lib/i386:/usr/lib/jvm/java-1.6.0-openjdk-1.6.0.0/jre/../lib/i386:/usr/java/packages/lib/i386:/lib:/usr/lib"/>
    <property name="surefire.test.class.path" value="/home/bdecoste/workspaces/OpenShift/openshift-java-client/target/test-classes:/home/bdecoste/workspaces/OpenShift/openshift-java-client/target/classes:/home/bdecoste/.m2/repository/org/jboss/jboss-dmr/1.0.0.Final/jboss-dmr-1.0.0.Final.jar:/home/bdecoste/.m2/repository/com/jcraft/jsch/0.1.44-1/jsch-0.1.44-1.jar:/home/bdecoste/.m2/repository/junit/junit/4.8.2/junit-4.8.2.jar:"/>
    <property name="java.specification.name" value="Java Platform API Specification"/>
    <property name="java.class.version" value="50.0"/>
    <property name="sun.management.compiler" value="HotSpot Tiered Compilers"/>
    <property name="os.version" value="2.6.40.6-0.fc15.i686.PAE"/>
    <property name="user.home" value="/home/bdecoste"/>
    <property name="user.timezone" value="US/Pacific"/>
    <property name="java.awt.printerjob" value="sun.print.PSPrinterJob"/>
    <property name="file.encoding" value="UTF-8"/>
    <property name="java.specification.version" value="1.6"/>
    <property name="user.name" value="bdecoste"/>
    <property name="java.class.path" value="/home/bdecoste/workspaces/OpenShift/openshift-java-client/target/test-classes:/home/bdecoste/workspaces/OpenShift/openshift-java-client/target/classes:/home/bdecoste/.m2/repository/org/jboss/jboss-dmr/1.0.0.Final/jboss-dmr-1.0.0.Final.jar:/home/bdecoste/.m2/repository/com/jcraft/jsch/0.1.44-1/jsch-0.1.44-1.jar:/home/bdecoste/.m2/repository/junit/junit/4.8.2/junit-4.8.2.jar:"/>
    <property name="java.vm.specification.version" value="1.0"/>
    <property name="sun.arch.data.model" value="32"/>
    <property name="java.home" value="/usr/lib/jvm/java-1.6.0-openjdk-1.6.0.0/jre"/>
    <property name="sun.java.command" value="/tmp/surefirebooter6986432235000397389.jar /tmp/surefire2651054804754221396tmp /tmp/surefire9123303848129073145tmp"/>
    <property name="java.specification.vendor" value="Sun Microsystems Inc."/>
    <property name="user.language" value="en"/>
    <property name="java.vm.info" value="mixed mode"/>
    <property name="java.version" value="1.6.0_22"/>
    <property name="java.ext.dirs" value="/usr/lib/jvm/java-1.6.0-openjdk-1.6.0.0/jre/lib/ext:/usr/java/packages/lib/ext"/>
    <property name="sun.boot.class.path" value="/usr/lib/jvm/java-1.6.0-openjdk-1.6.0.0/jre/lib/resources.jar:/usr/lib/jvm/java-1.6.0-openjdk-1.6.0.0/jre/lib/rt.jar:/usr/lib/jvm/java-1.6.0-openjdk-1.6.0.0/jre/lib/sunrsasign.jar:/usr/lib/jvm/java-1.6.0-openjdk-1.6.0.0/jre/lib/jsse.jar:/usr/lib/jvm/java-1.6.0-openjdk-1.6.0.0/jre/lib/jce.jar:/usr/lib/jvm/java-1.6.0-openjdk-1.6.0.0/jre/lib/charsets.jar:/usr/lib/jvm/java-1.6.0-openjdk-1.6.0.0/jre/lib/netx.jar:/usr/lib/jvm/java-1.6.0-openjdk-1.6.0.0/jre/lib/plugin.jar:/usr/lib/jvm/java-1.6.0-openjdk-1.6.0.0/jre/lib/rhino.jar:/usr/lib/jvm/java-1.6.0-openjdk-1.6.0.0/jre/lib/modules/jdk.boot.jar:/usr/lib/jvm/java-1.6.0-openjdk-1.6.0.0/jre/classes"/>
    <property name="java.vendor" value="Sun Microsystems Inc."/>
    <property name="localRepository" value="/home/bdecoste/.m2/repository"/>
    <property name="file.separator" value="/"/>
    <property name="java.vendor.url.bug" value="http://java.sun.com/cgi-bin/bugreport.cgi"/>
    <property name="sun.cpu.endian" value="little"/>
    <property name="sun.io.unicode.encoding" value="UnicodeLittle"/>
    <property name="sun.desktop" value="gnome"/>
    <property name="sun.cpu.isalist" value=""/>
  </properties>
  <testcase time="0.008" classname="com.openshift.express.internal.client.test.ConfigurationTest" name="canReadUsername"/>
  <testcase time="0.009" classname="com.openshift.express.internal.client.test.ConfigurationTest" name="canStoreUsername"/>
  <testcase time="0.001" classname="com.openshift.express.internal.client.test.ConfigurationTest" name="canStoreAndReadUsername"/>
  <testcase time="0.001" classname="com.openshift.express.internal.client.test.ConfigurationTest" name="canReadUsernameIfItsInSystemConfigurationOnly"/>
  <testcase time="0.001" classname="com.openshift.express.internal.client.test.ConfigurationTest" name="usernameInUserconfigOverridesUsernameInSystemconfig"/>
  <testcase time="0.001" classname="com.openshift.express.internal.client.test.ConfigurationTest" name="quotedLibraServerIsReturnedWithoutQuotes"/>
  <testcase time="0" classname="com.openshift.express.internal.client.test.ConfigurationTest" name="nonQuotedLibraServerIsReturnedAsIs"/>
  <testcase time="0" classname="com.openshift.express.internal.client.test.ConfigurationTest" name="nullLibraServerIsReturnedAsNull"/>
  <testcase time="0.001" classname="com.openshift.express.internal.client.test.ConfigurationTest" name="libraserverInSystemPropsOverridesUsernameInSystemconfig"/>
  <testcase time="0.001" classname="com.openshift.express.internal.client.test.ConfigurationTest" name="systemPropsDefaultToUserconfig"/>
  <testcase time="0" classname="com.openshift.express.internal.client.test.ConfigurationTest" name="fallsBackToDefaultUrl"/>
  <testcase time="0.019" classname="com.openshift.express.internal.client.test.ApplicationTest" name="canMarshallApplicationCreateRequest"/>
  <testcase time="0.001" classname="com.openshift.express.internal.client.test.ApplicationTest" name="canMarshallApplicationDestroyRequest"/>
  <testcase time="0.008" classname="com.openshift.express.internal.client.test.ApplicationTest" name="canUnmarshallApplicationResponse"/>
  <testcase time="0.003" classname="com.openshift.express.internal.client.test.ApplicationTest" name="returnsValidGitUri"/>
  <testcase time="0.001" classname="com.openshift.express.internal.client.test.ApplicationTest" name="returnsValidApplicationUrl"/>
  <testcase time="0.002" classname="com.openshift.express.internal.client.test.ApplicationTest" name="canUnmarshallApplicationStatus"/>
  <testcase time="0.009" classname="com.openshift.express.internal.client.test.ApplicationTest" name="canReadFromApplicationLogReader"/>
  <testcase time="0.001" classname="com.openshift.express.internal.client.test.EmbedTest" name="canMarshallAddEmbeddedCartridgeRequest"/>
  <testcase time="6.168" classname="com.openshift.express.internal.client.test.ApplicationLogReaderTest" name="logReaderReturnsNewEntriesAfterApplicationRestart"/>
  <testcase time="0.015" classname="com.openshift.express.internal.client.test.DomainTest" name="canMarshallDomainCreateRequest"/>
  <testcase time="0.002" classname="com.openshift.express.internal.client.test.DomainTest" name="canUnmarshallDomainCreateResponse"/>
  <testcase time="0.005" classname="com.openshift.express.internal.client.test.DomainTest" name="canMarshallDomainAlterRequest"/>
  <testcase time="0.001" classname="com.openshift.express.internal.client.test.UserInfoTest" name="canMarshallUserInfoRequest"/>
  <testcase time="0.011" classname="com.openshift.express.internal.client.test.UserInfoTest" name="canUnmarshallUserInfoResponse"/>
  <testcase time="0.008" classname="com.openshift.express.internal.client.test.UserInfoTest" name="canGetApplicationByName"/>
  <testcase time="0.001" classname="com.openshift.express.internal.client.test.UserTest" name="canGetApplicationByName"/>
  <testcase time="0.001" classname="com.openshift.express.internal.client.test.UserTest" name="canGetUserUUID"/>
  <testcase time="0.001" classname="com.openshift.express.internal.client.test.UserTest" name="canGetPublicKey"/>
  <testcase time="0.001" classname="com.openshift.express.internal.client.test.UserTest" name="canGetDomain"/>
  <testcase time="0.002" classname="com.openshift.express.internal.client.test.UserTest" name="canGetCartridges"/>
  <testcase time="0.001" classname="com.openshift.express.internal.client.test.UserTest" name="canGetApplications"/>
  <testcase time="0.005" classname="com.openshift.express.internal.client.test.CartridgeTest" name="canUnmarshallApplicationResponse"/>
  <testcase time="0.001" classname="com.openshift.express.internal.client.test.CartridgeTest" name="canMarshallListCartridgesRequest"/>
  <testcase time="0" classname="com.openshift.express.internal.client.test.CartridgeTest" name="canUnmarshallCartridgeListResponse"/>
  <testcase time="1.412" classname="com.openshift.express.internal.client.test.SSHKeyTest" name="canCreatePublicKey"/>
  <testcase time="0.408" classname="com.openshift.express.internal.client.test.SSHKeyTest" name="canLoadKeyPair"/>
  <testcase time="0.563" classname="com.openshift.express.internal.client.test.SSHKeyTest" name="canLoadPublicKey"/>
</testsuite>